INFO: 2024/01/21 15:17:23 server.go:19: server is listening on http://localhost:8181
ERROR: 2024/01/21 15:17:26 authhandler.go:19: pq: повторяющееся значение ключа нарушает ограничение уникальности "users_email_key"
INFO: 2024/01/21 15:42:19 authhandler.go:32: Successfully created new user
ERROR: 2024/01/21 15:42:48 authhandler.go:19: pq: повторяющееся значение ключа нарушает ограничение уникальности "users_username_key"
INFO: 2024/01/21 15:43:05 authhandler.go:32: Successfully created new user
INFO: 2024/01/21 19:34:56 server.go:19: server is listening on http://localhost:8181
ERROR: 2024/01/21 19:35:02 authhandler.go:19: pq: повторяющееся значение ключа нарушает ограничение уникальности "users_username_key"
INFO: 2024/01/21 19:44:10 server.go:19: server is listening on http://localhost:8181
ERROR: 2024/01/21 19:44:14 authhandler.go:19: invalid email
INFO: 2024/01/21 20:05:12 server.go:19: server is listening on http://localhost:8181
ERROR: 2024/01/21 20:16:41 authhandler.go:19: invalid email
ERROR: 2024/01/21 20:16:52 authhandler.go:19: invalid email
ERROR: 2024/01/21 20:18:50 authhandler.go:19: invalid email
INFO: 2024/01/21 20:36:55 server.go:19: server is listening on http://localhost:8181
ERROR: 2024/01/21 20:37:00 authhandler.go:19: invalid email
ERROR: 2024/01/21 20:37:10 authhandler.go:19: invalid email
ERROR: 2024/01/21 20:37:20 authhandler.go:19: invalid password
ERROR: 2024/01/21 20:37:43 authhandler.go:19: invalid password
ERROR: 2024/01/21 20:37:56 authhandler.go:19: pq: повторяющееся значение ключа нарушает ограничение уникальности "users_username_key"
INFO: 2024/01/21 20:38:06 authhandler.go:36: Successfully created new user
INFO: 2024/01/21 21:03:10 server.go:19: server is listening on http://localhost:8181
INFO: 2024/01/21 21:03:43 server.go:19: server is listening on http://localhost:8181
INFO: 2024/01/21 21:35:25 server.go:19: server is listening on http://localhost:8181
INFO: 2024/01/21 21:41:33 server.go:19: server is listening on http://localhost:8181
INFO: 2024/01/21 21:44:34 server.go:19: server is listening on http://localhost:8181
INFO: 2024/01/21 21:54:48 server.go:19: server is listening on http://localhost:8181
INFO: 2024/01/24 10:13:30 server.go:19: server is listening on http://localhost:8181
INFO: 2024/01/24 10:20:23 server.go:19: server is listening on http://localhost:8181
ERROR: 2024/01/24 10:20:45 authhandler.go:19: pq: повторяющееся значение ключа нарушает ограничение уникальности "users_username_key"
INFO: 2024/01/24 10:21:21 server.go:19: server is listening on http://localhost:8181
INFO: 2024/01/24 10:21:29 authhandler.go:36: Successfully created new user
INFO: 2024/01/24 10:36:58 server.go:19: server is listening on http://localhost:8181
INFO: 2024/01/24 10:37:17 server.go:19: server is listening on http://localhost:8181
INFO: 2024/01/24 12:07:13 server.go:19: server is listening on http://localhost:8181
INFO: 2024/01/24 15:24:43 server.go:19: server is listening on http://localhost:8181
ERROR: 2024/01/24 15:25:15 authhandler.go:19: pq: повторяющееся значение ключа нарушает ограничение уникальности "users_email_key"
INFO: 2024/01/24 15:25:32 authhandler.go:36: Successfully created new user
INFO: 2024/01/25 06:48:11 server.go:19: server is listening on http://localhost:8181
ERROR: 2024/01/25 06:49:13 authhandler.go:19: pq: INSERT содержит больше целевых столбцов, чем выражений
INFO: 2024/01/25 06:50:03 server.go:19: server is listening on http://localhost:8181
INFO: 2024/01/25 06:50:06 authhandler.go:33: Successfully created new user
ERROR: 2024/01/25 06:51:21 authhandler.go:19: firstname and lastname cannot be empty
ERROR: 2024/01/25 06:51:33 authhandler.go:47: sql: Scan error on column index 3, name "lname": destination not a pointer
INFO: 2024/01/25 06:51:57 server.go:19: server is listening on http://localhost:8181
ERROR: 2024/01/25 06:53:44 authhandler.go:47: sql: no rows in result set
ERROR: 2024/01/25 06:53:57 authhandler.go:19: invalid password
ERROR: 2024/01/25 06:54:15 authhandler.go:19: firstname and lastname cannot be empty
ERROR: 2024/01/25 06:54:19 authhandler.go:19: firstname and lastname cannot be empty
INFO: 2024/01/25 06:58:52 server.go:19: server is listening on http://localhost:8181
ERROR: 2024/01/25 07:00:05 authhandler.go:19: firstname and lastname cannot be empty
ERROR: 2024/01/25 07:00:13 authhandler.go:19: pq: повторяющееся значение ключа нарушает ограничение уникальности "users_email_key"
INFO: 2024/01/25 07:00:18 authhandler.go:33: Successfully created new user
ERROR: 2024/01/25 07:03:35 authhandler.go:19: pq: повторяющееся значение ключа нарушает ограничение уникальности "users_email_key"
INFO: 2024/01/26 09:07:47 server.go:19: server is listening on http://localhost:8181
INFO: 2024/01/29 12:35:01 server.go:19: server is listening on http://localhost:8181
ERROR: 2024/01/29 12:40:12 authhandler.go:19: invalid email
INFO: 2024/01/29 12:44:36 server.go:19: server is listening on http://localhost:8181
ERROR: 2024/01/29 12:44:48 authhandler.go:19: invalid email
INFO: 2024/01/29 12:47:59 server.go:19: server is listening on http://localhost:8181
ERROR: 2024/01/29 12:48:10 authhandler.go:19: invalid email
INFO: 2024/01/29 12:52:51 server.go:19: server is listening on http://localhost:8181
INFO: 2024/01/29 12:52:57 adminhandler.go:26: Successfully created new admin
INFO: 2024/01/29 13:04:15 server.go:19: server is listening on http://localhost:8181
ERROR: 2024/01/29 13:05:06 adminhandler.go:38: incorrect email or password
INFO: 2024/01/29 13:06:53 server.go:19: server is listening on http://localhost:8181
ERROR: 2024/01/29 13:06:55 adminhandler.go:39: incorrect username or password
INFO: 2024/01/29 13:12:24 server.go:19: server is listening on http://localhost:8181
ERROR: 2024/01/29 13:12:24 main.go:45: listen tcp 127.0.0.1:8181: bind: Only one usage of each socket address (protocol/network address/port) is normally permitted.
INFO: 2024/01/29 13:12:42 server.go:19: server is listening on http://localhost:8181
ERROR: 2024/01/29 13:12:42 main.go:45: listen tcp 127.0.0.1:8181: bind: Only one usage of each socket address (protocol/network address/port) is normally permitted.
INFO: 2024/01/29 13:12:56 server.go:19: server is listening on http://localhost:8181
