INFO: 2024/02/11 00:08:39 server.go:19: server is listening on http://localhost:8383
ERROR: 2024/02/11 00:10:51 posthandler.go:17: token signature is invalid: signature is invalid
INFO: 2024/02/11 00:17:23 server.go:19: server is listening on http://localhost:8383
ERROR: 2024/02/11 00:17:36 posthandler.go:17: token signature is invalid: signature is invalid
INFO: 2024/02/11 00:21:09 server.go:19: server is listening on http://localhost:8383
ERROR: 2024/02/11 00:21:11 posthandler.go:17: token signature is invalid: signature is invalid
INFO: 2024/02/11 00:23:20 server.go:19: server is listening on http://localhost:8383
ERROR: 2024/02/11 00:23:35 posthandler.go:19: token signature is invalid: signature is invalid
ERROR: 2024/02/11 00:24:03 posthandler.go:19: token signature is invalid: signature is invalid
INFO: 2024/02/11 00:24:23 server.go:19: server is listening on http://localhost:8383
ERROR: 2024/02/11 00:24:25 posthandler.go:19: token signature is invalid: signature is invalid
ERROR: 2024/02/11 00:24:52 posthandler.go:19: token signature is invalid: signature is invalid
ERROR: 2024/02/11 00:25:37 posthandler.go:19: token signature is invalid: signature is invalid
INFO: 2024/02/11 00:26:44 server.go:19: server is listening on http://localhost:8383
ERROR: 2024/02/11 00:26:45 posthandler.go:19: token signature is invalid: signature is invalid
INFO: 2024/02/11 00:36:34 server.go:19: server is listening on http://localhost:8383
ERROR: 2024/02/11 00:36:35 posthandler.go:17: token signature is invalid: signature is invalid
ERROR: 2024/02/11 00:37:24 posthandler.go:17: token signature is invalid: signature is invalid
INFO: 2024/02/11 00:38:17 server.go:19: server is listening on http://localhost:8383
ERROR: 2024/02/11 00:38:18 posthandler.go:17: token signature is invalid: signature is invalid
INFO: 2024/02/11 00:40:15 server.go:19: server is listening on http://localhost:8383
ERROR: 2024/02/11 00:40:17 posthandler.go:17: token signature is invalid: signature is invalid
INFO: 2024/02/11 00:44:24 server.go:19: server is listening on http://localhost:8383
ERROR: 2024/02/11 00:44:29 posthandler.go:17: token signature is invalid: signature is invalid
INFO: 2024/02/11 00:45:16 server.go:19: server is listening on http://localhost:8383
ERROR: 2024/02/11 00:45:19 posthandler.go:17: token signature is invalid: signature is invalid
INFO: 2024/02/11 01:14:35 server.go:19: server is listening on http://localhost:8383
ERROR: 2024/02/11 01:14:43 posthandler.go:17: token signature is invalid: signature is invalid
ERROR: 2024/02/11 01:15:29 posthandler.go:17: token signature is invalid: signature is invalid
INFO: 2024/02/11 01:21:16 server.go:19: server is listening on http://localhost:8383
ERROR: 2024/02/11 01:21:19 posthandler.go:17: token signature is invalid: signature is invalid
INFO: 2024/02/11 01:21:25 server.go:19: server is listening on http://localhost:8383
ERROR: 2024/02/11 01:21:27 posthandler.go:17: token signature is invalid: signature is invalid
INFO: 2024/02/11 01:22:21 server.go:19: server is listening on http://localhost:8383
ERROR: 2024/02/11 01:22:25 posthandler.go:17: Get "http://localhost:8282/name/Course%20For%20saving%20money": dial tcp [::1]:8282: connectex: No connection could be made because the target machine actively refused it.
INFO: 2024/02/11 01:23:21 server.go:19: server is listening on http://localhost:8383
ERROR: 2024/02/11 01:23:23 posthandler.go:17: pq: INSERT или UPDATE в таблице "course_transaction" нарушает ограничение внешнего ключа "course_transaction_course_id_fkey"
INFO: 2024/02/11 02:32:16 server.go:19: server is listening on http://localhost:8383
ERROR: 2024/02/11 02:32:56 posthandler.go:17: pq: INSERT или UPDATE в таблице "course_transaction" нарушает ограничение внешнего ключа "course_transaction_course_id_fkey"
INFO: 2024/02/11 02:35:36 server.go:19: server is listening on http://localhost:8383
ERROR: 2024/02/11 02:35:39 posthandler.go:17: pq: INSERT или UPDATE в таблице "course_transaction" нарушает ограничение внешнего ключа "course_transaction_course_id_fkey"
INFO: 2024/02/11 02:36:19 server.go:19: server is listening on http://localhost:8383
ERROR: 2024/02/11 02:36:20 posthandler.go:17: pq: INSERT или UPDATE в таблице "course_transaction" нарушает ограничение внешнего ключа "course_transaction_course_id_fkey"
INFO: 2024/02/11 02:41:52 server.go:19: server is listening on http://localhost:8383
ERROR: 2024/02/11 02:41:58 posthandler.go:17: pq: INSERT или UPDATE в таблице "course_transaction" нарушает ограничение внешнего ключа "course_transaction_course_id_fkey"
INFO: 2024/02/11 02:42:28 server.go:19: server is listening on http://localhost:8383
ERROR: 2024/02/11 02:42:29 posthandler.go:17: pq: INSERT или UPDATE в таблице "course_transaction" нарушает ограничение внешнего ключа "course_transaction_course_id_fkey"
INFO: 2024/02/11 02:43:24 server.go:19: server is listening on http://localhost:8383
ERROR: 2024/02/11 02:43:27 posthandler.go:17: pq: INSERT или UPDATE в таблице "course_transaction" нарушает ограничение внешнего ключа "course_transaction_course_id_fkey"
INFO: 2024/02/11 02:44:57 server.go:19: server is listening on http://localhost:8383
ERROR: 2024/02/11 02:45:00 posthandler.go:17: pq: INSERT или UPDATE в таблице "course_transaction" нарушает ограничение внешнего ключа "course_transaction_course_id_fkey"
INFO: 2024/02/11 02:45:27 server.go:19: server is listening on http://localhost:8383
ERROR: 2024/02/11 02:45:30 posthandler.go:17: pq: INSERT или UPDATE в таблице "course_transaction" нарушает ограничение внешнего ключа "course_transaction_course_id_fkey"
INFO: 2024/02/11 02:46:36 server.go:19: server is listening on http://localhost:8383
ERROR: 2024/02/11 02:53:59 posthandler.go:17: pq: INSERT или UPDATE в таблице "course_transaction" нарушает ограничение внешнего ключа "course_transaction_course_id_fkey"
INFO: 2024/02/11 02:54:53 server.go:19: server is listening on http://localhost:8383
ERROR: 2024/02/11 02:54:55 posthandler.go:17: pq: INSERT или UPDATE в таблице "course_transaction" нарушает ограничение внешнего ключа "course_transaction_course_id_fkey"
INFO: 2024/02/11 02:55:58 server.go:19: server is listening on http://localhost:8383
ERROR: 2024/02/11 02:56:05 posthandler.go:17: pq: INSERT или UPDATE в таблице "course_transaction" нарушает ограничение внешнего ключа "course_transaction_course_id_fkey"
INFO: 2024/02/11 02:56:40 server.go:19: server is listening on http://localhost:8383
ERROR: 2024/02/11 02:56:42 posthandler.go:17: pq: INSERT или UPDATE в таблице "course_transaction" нарушает ограничение внешнего ключа "course_transaction_course_id_fkey"
INFO: 2024/02/11 03:01:05 server.go:19: server is listening on http://localhost:8383
INFO: 2024/02/11 03:01:12 posthandler.go:26: Successfully bought course
INFO: 2024/02/11 03:02:16 posthandler.go:26: Successfully bought course
INFO: 2024/02/11 03:05:25 posthandler.go:26: Successfully bought course
ERROR: 2024/02/11 03:05:27 posthandler.go:17: pq: повторяющееся значение ключа нарушает ограничение уникальности "uniquness"
INFO: 2024/02/11 05:15:46 server.go:19: server is listening on http://localhost:8383
INFO: 2024/02/11 05:16:32 posthandler.go:26: Successfully bought course
INFO: 2024/02/11 05:21:51 posthandler.go:26: Successfully bought course
ERROR: 2024/02/11 05:21:53 posthandler.go:17: pq: повторяющееся значение ключа нарушает ограничение уникальности "uniquness"
